2019-07-03 08:38:49.583  INFO 13308 --- [main] com.mlnx.smart.auth.AuthApplication      : No active profile set, falling back to default profiles: default
2019-07-03 08:38:49.599  INFO 13308 --- [main] ConfigServletWebServerApplicationContext : Refreshing org.springframework.boot.web.servlet.context.AnnotationConfigServletWebServerApplicationContext@6ebd78d1: startup date [Wed Jul 03 08:38:49 CST 2019]; parent: org.springframework.context.annotation.AnnotationConfigApplicationContext@3eb77ea8
2019-07-03 08:38:50.232  INFO 13308 --- [main] o.s.b.f.s.DefaultListableBeanFactory     : Overriding bean definition for bean 'dataSource' with a different definition: replacing [Root bean: class [null]; scope=refresh; abstract=false; lazyInit=false; autowireMode=3; dependencyCheck=0; autowireCandidate=false; primary=false; factoryBeanName=org.springframework.boot.autoconfigure.jdbc.DataSourceConfiguration$Hikari; factoryMethodName=dataSource; initMethodName=null; destroyMethodName=(inferred); defined in class path resource [org/springframework/boot/autoconfigure/jdbc/DataSourceConfiguration$Hikari.class]] with [Root bean: class [org.springframework.aop.scope.ScopedProxyFactoryBean]; scope=; abstract=false; lazyInit=false; autowireMode=0; dependencyCheck=0; autowireCandidate=true; primary=false; factoryBeanName=null; factoryMethodName=null; initMethodName=null; destroyMethodName=null; defined in BeanDefinition defined in class path resource [org/springframework/boot/autoconfigure/jdbc/DataSourceConfiguration$Hikari.class]]
2019-07-03 08:38:50.351  INFO 13308 --- [main] o.s.cloud.context.scope.GenericScope     : BeanFactory id=76cf7e02-b165-31ab-a5cf-ae9f474c288f
2019-07-03 08:38:50.440  INFO 13308 --- [main] trationDelegate$BeanPostProcessorChecker : Bean 'org.springframework.transaction.annotation.ProxyTransactionManagementConfiguration' of type [org.springframework.transaction.annotation.ProxyTransactionManagementConfiguration$$EnhancerBySpringCGLIB$$2b7f1218] is not eligible for getting processed by all BeanPostProcessors (for example: not eligible for auto-proxying)
2019-07-03 08:38:50.463  INFO 13308 --- [main] trationDelegate$BeanPostProcessorChecker : Bean 'org.springframework.cloud.autoconfigure.ConfigurationPropertiesRebinderAutoConfiguration' of type [org.springframework.cloud.autoconfigure.ConfigurationPropertiesRebinderAutoConfiguration$$EnhancerBySpringCGLIB$$47991515] is not eligible for getting processed by all BeanPostProcessors (for example: not eligible for auto-proxying)
2019-07-03 08:38:50.755  INFO 13308 --- [main] o.s.b.w.embedded.tomcat.TomcatWebServer  : Tomcat initialized with port(s): 8082 (http)
2019-07-03 08:38:50.775  INFO 13308 --- [main] o.apache.catalina.core.StandardService   : Starting service [Tomcat]
2019-07-03 08:38:50.775  INFO 13308 --- [main] org.apache.catalina.core.StandardEngine  : Starting Servlet Engine: Apache Tomcat/8.5.39
2019-07-03 08:38:50.778  INFO 13308 --- [localhost-startStop-1] o.a.catalina.core.AprLifecycleListener   : The APR based Apache Tomcat Native library which allows optimal performance in production environments was not found on the java.library.path: [C:\Program Files\Java\jdk1.8.0_131\bin;C:\windows\Sun\Java\bin;C:\windows\system32;C:\windows;D:\Program Files (x86)\NetSarang\Xftp 6\;D:\develop\NetSarang\Xshell 6\;C:\Windows\system32;C:\Windows;C:\Windows\System32\Wbem;C:\Windows\System32\WindowsPowerShell\v1.0\;C:\Windows\System32\OpenSSH\;C:\Program Files (x86)\Intel\Intel(R) Management Engine Components\DAL;C:\Program Files\Intel\Intel(R) Management Engine Components\DAL;C:\Program Files\NVIDIA Corporation\NVIDIA NGX;C:\Program Files (x86)\NVIDIA Corporation\PhysX\Common;C:\Program Files\NVIDIA Corporation\NVIDIA NvDLISR;C:\Program Files\Git\cmd;C:\Program Files\Java\jdk1.8.0_131\bin;d:\Program Files (x86)\Bluetooth Command Line Tools\bin;D:\develop\IntelliJ IDEA 2019.1.1\plugins\maven\lib\maven3\bin;C:\Users\Administrator\AppData\Local\Microsoft\WindowsApps;;.]
2019-07-03 08:38:50.902  INFO 13308 --- [localhost-startStop-1] o.a.c.c.C.[Tomcat].[localhost].[/]       : Initializing Spring embedded WebApplicationContext
2019-07-03 08:38:50.902  INFO 13308 --- [localhost-startStop-1] o.s.web.context.ContextLoader            : Root WebApplicationContext: initialization completed in 1303 ms
2019-07-03 08:38:51.788  INFO 13308 --- [localhost-startStop-1] o.s.b.w.servlet.FilterRegistrationBean   : Mapping filter: 'characterEncodingFilter' to: [/*]
2019-07-03 08:38:51.788  INFO 13308 --- [localhost-startStop-1] o.s.b.w.servlet.FilterRegistrationBean   : Mapping filter: 'webMvcMetricsFilter' to: [/*]
2019-07-03 08:38:51.788  INFO 13308 --- [localhost-startStop-1] o.s.b.w.servlet.FilterRegistrationBean   : Mapping filter: 'hiddenHttpMethodFilter' to: [/*]
2019-07-03 08:38:51.789  INFO 13308 --- [localhost-startStop-1] o.s.b.w.servlet.FilterRegistrationBean   : Mapping filter: 'httpPutFormContentFilter' to: [/*]
2019-07-03 08:38:51.789  INFO 13308 --- [localhost-startStop-1] o.s.b.w.servlet.FilterRegistrationBean   : Mapping filter: 'requestContextFilter' to: [/*]
2019-07-03 08:38:51.789  INFO 13308 --- [localhost-startStop-1] .s.DelegatingFilterProxyRegistrationBean : Mapping filter: 'springSecurityFilterChain' to: [/*]
2019-07-03 08:38:51.790  INFO 13308 --- [localhost-startStop-1] o.s.b.w.servlet.FilterRegistrationBean   : Mapping filter: 'httpTraceFilter' to: [/*]
2019-07-03 08:38:51.790  INFO 13308 --- [localhost-startStop-1] o.s.b.w.servlet.FilterRegistrationBean   : Mapping filter: 'corsFilter' to: [/*]
2019-07-03 08:38:51.790  INFO 13308 --- [localhost-startStop-1] o.s.b.w.servlet.ServletRegistrationBean  : Servlet dispatcherServlet mapped to [/]
2019-07-03 08:38:51.985  INFO 13308 --- [main] com.zaxxer.hikari.HikariDataSource       : HikariPool-1 - Starting...
2019-07-03 08:38:52.657  INFO 13308 --- [main] com.zaxxer.hikari.HikariDataSource       : HikariPool-1 - Start completed.
2019-07-03 08:38:52.929  WARN 13308 --- [main] o.s.s.o.p.t.s.JwtAccessTokenConverter    : Unable to create an RSA verifier from verifierKey (ignoreable if using MAC)
2019-07-03 08:38:53.046  INFO 13308 --- [main] .s.o.p.e.FrameworkEndpointHandlerMapping : Mapped "{[/oauth/authorize],methods=[POST],params=[user_oauth_approval]}" onto public org.springframework.web.servlet.View org.springframework.security.oauth2.provider.endpoint.AuthorizationEndpoint.approveOrDeny(java.util.Map<java.lang.String, java.lang.String>,java.util.Map<java.lang.String, ?>,org.springframework.web.bind.support.SessionStatus,java.security.Principal)
2019-07-03 08:38:53.047  INFO 13308 --- [main] .s.o.p.e.FrameworkEndpointHandlerMapping : Mapped "{[/oauth/authorize]}" onto public org.springframework.web.servlet.ModelAndView org.springframework.security.oauth2.provider.endpoint.AuthorizationEndpoint.authorize(java.util.Map<java.lang.String, java.lang.Object>,java.util.Map<java.lang.String, java.lang.String>,org.springframework.web.bind.support.SessionStatus,java.security.Principal)
2019-07-03 08:38:53.048  INFO 13308 --- [main] .s.o.p.e.FrameworkEndpointHandlerMapping : Mapped "{[/oauth/token],methods=[POST]}" onto public org.springframework.http.ResponseEntity<org.springframework.security.oauth2.common.OAuth2AccessToken> org.springframework.security.oauth2.provider.endpoint.TokenEndpoint.postAccessToken(java.security.Principal,java.util.Map<java.lang.String, java.lang.String>) throws org.springframework.web.HttpRequestMethodNotSupportedException
2019-07-03 08:38:53.049  INFO 13308 --- [main] .s.o.p.e.FrameworkEndpointHandlerMapping : Mapped "{[/oauth/token],methods=[GET]}" onto public org.springframework.http.ResponseEntity<org.springframework.security.oauth2.common.OAuth2AccessToken> org.springframework.security.oauth2.provider.endpoint.TokenEndpoint.getAccessToken(java.security.Principal,java.util.Map<java.lang.String, java.lang.String>) throws org.springframework.web.HttpRequestMethodNotSupportedException
2019-07-03 08:38:53.050  INFO 13308 --- [main] .s.o.p.e.FrameworkEndpointHandlerMapping : Mapped "{[/oauth/check_token]}" onto public java.util.Map<java.lang.String, ?> org.springframework.security.oauth2.provider.endpoint.CheckTokenEndpoint.checkToken(java.lang.String)
2019-07-03 08:38:53.050  INFO 13308 --- [main] .s.o.p.e.FrameworkEndpointHandlerMapping : Mapped "{[/oauth/confirm_access]}" onto public org.springframework.web.servlet.ModelAndView org.springframework.security.oauth2.provider.endpoint.WhitelabelApprovalEndpoint.getAccessConfirmation(java.util.Map<java.lang.String, java.lang.Object>,javax.servlet.http.HttpServletRequest) throws java.lang.Exception
2019-07-03 08:38:53.051  INFO 13308 --- [main] .s.o.p.e.FrameworkEndpointHandlerMapping : Mapped "{[/oauth/error]}" onto public org.springframework.web.servlet.ModelAndView org.springframework.security.oauth2.provider.endpoint.WhitelabelErrorEndpoint.handleError(javax.servlet.http.HttpServletRequest)
2019-07-03 08:38:53.055  INFO 13308 --- [main] .s.o.p.e.FrameworkEndpointHandlerMapping : Mapped "{[/oauth/token_key],methods=[GET]}" onto public java.util.Map<java.lang.String, java.lang.String> org.springframework.security.oauth2.provider.endpoint.TokenKeyEndpoint.getKey(java.security.Principal)
2019-07-03 08:38:53.264  INFO 13308 --- [main] o.s.w.s.handler.SimpleUrlHandlerMapping  : Mapped URL path [/**/favicon.ico] onto handler of type [class org.springframework.web.servlet.resource.ResourceHttpRequestHandler]
2019-07-03 08:38:53.460  INFO 13308 --- [main] s.w.s.m.m.a.RequestMappingHandlerAdapter : Looking for @ControllerAdvice: org.springframework.boot.web.servlet.context.AnnotationConfigServletWebServerApplicationContext@6ebd78d1: startup date [Wed Jul 03 08:38:49 CST 2019]; parent: org.springframework.context.annotation.AnnotationConfigApplicationContext@3eb77ea8
2019-07-03 08:38:53.504  INFO 13308 --- [main] s.w.s.m.m.a.RequestMappingHandlerMapping : Mapped "{[],methods=[GET]}" onto public java.lang.String com.mlnx.smart.auth.AuthApplication.test()
2019-07-03 08:38:53.504  INFO 13308 --- [main] s.w.s.m.m.a.RequestMappingHandlerMapping : Mapped "{[/code/{type}],methods=[GET]}" onto public void org.shan.security.core.validate.code.ValidateCodeController.createCode(javax.servlet.http.HttpServletRequest,javax.servlet.http.HttpServletResponse,java.lang.String) throws java.lang.Exception
2019-07-03 08:38:53.506  INFO 13308 --- [main] s.w.s.m.m.a.RequestMappingHandlerMapping : Mapped "{[/error]}" onto public org.springframework.http.ResponseEntity<java.util.Map<java.lang.String, java.lang.Object>> org.springframework.boot.autoconfigure.web.servlet.error.BasicErrorController.error(javax.servlet.http.HttpServletRequest)
2019-07-03 08:38:53.507  INFO 13308 --- [main] s.w.s.m.m.a.RequestMappingHandlerMapping : Mapped "{[/error],produces=[text/html]}" onto public org.springframework.web.servlet.ModelAndView org.springframework.boot.autoconfigure.web.servlet.error.BasicErrorController.errorHtml(javax.servlet.http.HttpServletRequest,javax.servlet.http.HttpServletResponse)
2019-07-03 08:38:53.537  INFO 13308 --- [main] o.s.w.s.handler.SimpleUrlHandlerMapping  : Mapped URL path [/webjars/**] onto handler of type [class org.springframework.web.servlet.resource.ResourceHttpRequestHandler]
2019-07-03 08:38:53.537  INFO 13308 --- [main] o.s.w.s.handler.SimpleUrlHandlerMapping  : Mapped URL path [/**] onto handler of type [class org.springframework.web.servlet.resource.ResourceHttpRequestHandler]
2019-07-03 08:38:54.058  INFO 13308 --- [main] o.s.s.web.DefaultSecurityFilterChain     : Creating filter chain: Ant [pattern='/resources/**'], []
2019-07-03 08:38:54.059  INFO 13308 --- [main] o.s.s.web.DefaultSecurityFilterChain     : Creating filter chain: Ant [pattern='/*.ico'], []
2019-07-03 08:38:54.189  INFO 13308 --- [main] o.s.s.web.DefaultSecurityFilterChain     : Creating filter chain: OrRequestMatcher [requestMatchers=[Ant [pattern='/oauth/token'], Ant [pattern='/oauth/token_key'], Ant [pattern='/oauth/check_token']]], [org.springframework.security.web.context.request.async.WebAsyncManagerIntegrationFilter@61c5fd78, org.springframework.security.web.context.SecurityContextPersistenceFilter@4348fa35, org.springframework.security.web.header.HeaderWriterFilter@30704f85, org.springframework.security.web.authentication.logout.LogoutFilter@25d9291a, org.springframework.security.oauth2.provider.client.ClientCredentialsTokenEndpointFilter@92e2c93, org.springframework.security.web.authentication.www.BasicAuthenticationFilter@351d93bd, org.springframework.security.web.savedrequest.RequestCacheAwareFilter@563843f1, org.springframework.security.web.servletapi.SecurityContextHolderAwareRequestFilter@2e93108a, org.springframework.security.web.authentication.AnonymousAuthenticationFilter@42503099, org.springframework.security.web.session.SessionManagementFilter@27dfd12b, org.springframework.security.web.access.ExceptionTranslationFilter@29c25bbc, org.springframework.security.web.access.intercept.FilterSecurityInterceptor@2dd8a273]
2019-07-03 08:38:54.191  INFO 13308 --- [main] o.s.s.web.DefaultSecurityFilterChain     : Creating filter chain: org.springframework.security.web.util.matcher.AnyRequestMatcher@1, [org.springframework.security.web.context.request.async.WebAsyncManagerIntegrationFilter@aee05f4, org.springframework.security.web.context.SecurityContextPersistenceFilter@135064ea, org.springframework.security.web.header.HeaderWriterFilter@1fbd5e0, org.springframework.security.web.authentication.logout.LogoutFilter@33a71d23, org.springframework.security.web.savedrequest.RequestCacheAwareFilter@4f6fd101, org.springframework.security.web.servletapi.SecurityContextHolderAwareRequestFilter@106459d9, org.springframework.security.web.authentication.AnonymousAuthenticationFilter@2b4829aa, org.springframework.security.web.session.SessionManagementFilter@32d22650, org.springframework.security.web.access.ExceptionTranslationFilter@77856cc5, org.springframework.security.web.access.intercept.FilterSecurityInterceptor@2bcb1414]
2019-07-03 08:38:54.226  INFO 13308 --- [main] o.s.b.a.e.web.EndpointLinksResolver      : Exposing 2 endpoint(s) beneath base path '/actuator'
2019-07-03 08:38:54.239  INFO 13308 --- [main] s.b.a.e.w.s.WebMvcEndpointHandlerMapping : Mapped "{[/actuator/health],methods=[GET],produces=[application/vnd.spring-boot.actuator.v2+json || application/json]}" onto public java.lang.Object org.springframework.boot.actuate.endpoint.web.servlet.AbstractWebMvcEndpointHandlerMapping$OperationHandler.handle(javax.servlet.http.HttpServletRequest,java.util.Map<java.lang.String, java.lang.String>)
2019-07-03 08:38:54.240  INFO 13308 --- [main] s.b.a.e.w.s.WebMvcEndpointHandlerMapping : Mapped "{[/actuator/info],methods=[GET],produces=[application/vnd.spring-boot.actuator.v2+json || application/json]}" onto public java.lang.Object org.springframework.boot.actuate.endpoint.web.servlet.AbstractWebMvcEndpointHandlerMapping$OperationHandler.handle(javax.servlet.http.HttpServletRequest,java.util.Map<java.lang.String, java.lang.String>)
2019-07-03 08:38:54.241  INFO 13308 --- [main] s.b.a.e.w.s.WebMvcEndpointHandlerMapping : Mapped "{[/actuator],methods=[GET],produces=[application/vnd.spring-boot.actuator.v2+json || application/json]}" onto protected java.util.Map<java.lang.String, java.util.Map<java.lang.String, org.springframework.boot.actuate.endpoint.web.Link>> org.springframework.boot.actuate.endpoint.web.servlet.WebMvcEndpointHandlerMapping.links(javax.servlet.http.HttpServletRequest,javax.servlet.http.HttpServletResponse)
2019-07-03 08:38:55.929  INFO 13308 --- [main] o.s.cloud.commons.util.InetUtils         : Cannot determine local hostname
2019-07-03 08:38:56.113  INFO 13308 --- [main] o.s.j.e.a.AnnotationMBeanExporter        : Registering beans for JMX exposure on startup
2019-07-03 08:38:56.124  INFO 13308 --- [main] o.s.j.e.a.AnnotationMBeanExporter        : Bean with name 'dataSource' has been autodetected for JMX exposure
2019-07-03 08:38:56.151  INFO 13308 --- [main] o.s.j.e.a.AnnotationMBeanExporter        : Bean with name 'environmentManager' has been autodetected for JMX exposure
2019-07-03 08:38:56.201  INFO 13308 --- [main] o.s.j.e.a.AnnotationMBeanExporter        : Bean with name 'refreshScope' has been autodetected for JMX exposure
2019-07-03 08:38:56.205  INFO 13308 --- [main] o.s.j.e.a.AnnotationMBeanExporter        : Bean with name 'configurationPropertiesRebinder' has been autodetected for JMX exposure
2019-07-03 08:38:56.223  INFO 13308 --- [main] o.s.j.e.a.AnnotationMBeanExporter        : Located managed bean 'environmentManager': registering with JMX server as MBean [org.springframework.cloud.context.environment:name=environmentManager,type=EnvironmentManager]
2019-07-03 08:38:56.253  INFO 13308 --- [main] o.s.j.e.a.AnnotationMBeanExporter        : Located managed bean 'refreshScope': registering with JMX server as MBean [org.springframework.cloud.context.scope.refresh:name=refreshScope,type=RefreshScope]
2019-07-03 08:38:56.295  INFO 13308 --- [main] o.s.j.e.a.AnnotationMBeanExporter        : Located managed bean 'configurationPropertiesRebinder': registering with JMX server as MBean [org.springframework.cloud.context.properties:name=configurationPropertiesRebinder,context=6ebd78d1,type=ConfigurationPropertiesRebinder]
2019-07-03 08:38:56.306  INFO 13308 --- [main] o.s.j.e.a.AnnotationMBeanExporter        : Located MBean 'dataSource': registering with JMX server as MBean [com.zaxxer.hikari:name=dataSource,type=HikariDataSource]
2019-07-03 08:38:56.460  INFO 13308 --- [main] o.s.b.w.embedded.tomcat.TomcatWebServer  : Tomcat started on port(s): 8082 (http) with context path ''
2019-07-03 08:38:56.487  INFO 13308 --- [main] com.mlnx.smart.auth.AuthApplication      : Started AuthApplication in 10.817 seconds (JVM running for 12.231)
2019-07-03 08:38:57.248  INFO 13308 --- [RMI TCP Connection(1)-192.168.56.1] o.a.c.c.C.[Tomcat].[localhost].[/]       : Initializing Spring FrameworkServlet 'dispatcherServlet'
2019-07-03 08:38:57.249  INFO 13308 --- [RMI TCP Connection(1)-192.168.56.1] o.s.web.servlet.DispatcherServlet        : FrameworkServlet 'dispatcherServlet': initialization started
2019-07-03 08:38:57.263  INFO 13308 --- [RMI TCP Connection(1)-192.168.56.1] o.s.web.servlet.DispatcherServlet        : FrameworkServlet 'dispatcherServlet': initialization completed in 14 ms
2019-07-03 08:39:18.518 DEBUG 13308 --- [http-nio-8082-exec-8] c.m.s.a.mapper.UserInfoMapper.selectOne  : ==>  Preparing: SELECT id,username,password,sex,dept_id,mobile,card,status,creater,create_time,editor,edit_time,remark FROM t_user WHERE username = ? 
2019-07-03 08:39:18.530 DEBUG 13308 --- [http-nio-8082-exec-8] c.m.s.a.mapper.UserInfoMapper.selectOne  : ==> Parameters: mlnx(String)
2019-07-03 08:39:18.570 DEBUG 13308 --- [http-nio-8082-exec-8] c.m.s.a.mapper.UserInfoMapper.selectOne  : <==      Total: 1
2019-07-03 08:40:08.596 DEBUG 13308 --- [http-nio-8082-exec-7] c.m.s.a.mapper.UserInfoMapper.selectOne  : ==>  Preparing: SELECT id,username,password,sex,dept_id,mobile,card,status,creater,create_time,editor,edit_time,remark FROM t_user WHERE username = ? 
2019-07-03 08:40:08.597 DEBUG 13308 --- [http-nio-8082-exec-7] c.m.s.a.mapper.UserInfoMapper.selectOne  : ==> Parameters: mlnx(String)
2019-07-03 08:40:08.598 DEBUG 13308 --- [http-nio-8082-exec-7] c.m.s.a.mapper.UserInfoMapper.selectOne  : <==      Total: 1
2019-07-03 08:40:46.738 DEBUG 13308 --- [http-nio-8082-exec-2] c.m.s.a.mapper.UserInfoMapper.selectOne  : ==>  Preparing: SELECT id,username,password,sex,dept_id,mobile,card,status,creater,create_time,editor,edit_time,remark FROM t_user WHERE username = ? 
2019-07-03 08:40:46.739 DEBUG 13308 --- [http-nio-8082-exec-2] c.m.s.a.mapper.UserInfoMapper.selectOne  : ==> Parameters: mlnx(String)
2019-07-03 08:40:46.740 DEBUG 13308 --- [http-nio-8082-exec-2] c.m.s.a.mapper.UserInfoMapper.selectOne  : <==      Total: 1
2019-07-03 08:41:40.102 DEBUG 13308 --- [http-nio-8082-exec-1] c.m.s.a.mapper.UserInfoMapper.selectOne  : ==>  Preparing: SELECT id,username,password,sex,dept_id,mobile,card,status,creater,create_time,editor,edit_time,remark FROM t_user WHERE username = ? 
2019-07-03 08:41:40.103 DEBUG 13308 --- [http-nio-8082-exec-1] c.m.s.a.mapper.UserInfoMapper.selectOne  : ==> Parameters: mlnx(String)
2019-07-03 08:41:40.104 DEBUG 13308 --- [http-nio-8082-exec-1] c.m.s.a.mapper.UserInfoMapper.selectOne  : <==      Total: 1
2019-07-03 08:42:29.747 DEBUG 13308 --- [http-nio-8082-exec-10] c.m.s.a.mapper.UserInfoMapper.selectOne  : ==>  Preparing: SELECT id,username,password,sex,dept_id,mobile,card,status,creater,create_time,editor,edit_time,remark FROM t_user WHERE username = ? 
2019-07-03 08:42:29.747 DEBUG 13308 --- [http-nio-8082-exec-10] c.m.s.a.mapper.UserInfoMapper.selectOne  : ==> Parameters: mlnx(String)
2019-07-03 08:42:29.749 DEBUG 13308 --- [http-nio-8082-exec-10] c.m.s.a.mapper.UserInfoMapper.selectOne  : <==      Total: 1
2019-07-03 08:42:56.848 DEBUG 13308 --- [http-nio-8082-exec-9] c.m.s.a.mapper.UserInfoMapper.selectOne  : ==>  Preparing: SELECT id,username,password,sex,dept_id,mobile,card,status,creater,create_time,editor,edit_time,remark FROM t_user WHERE username = ? 
2019-07-03 08:42:56.849 DEBUG 13308 --- [http-nio-8082-exec-9] c.m.s.a.mapper.UserInfoMapper.selectOne  : ==> Parameters: mlnx(String)
2019-07-03 08:42:56.851 DEBUG 13308 --- [http-nio-8082-exec-9] c.m.s.a.mapper.UserInfoMapper.selectOne  : <==      Total: 1
2019-07-03 08:43:56.441 DEBUG 13308 --- [http-nio-8082-exec-5] c.m.s.a.mapper.UserInfoMapper.selectOne  : ==>  Preparing: SELECT id,username,password,sex,dept_id,mobile,card,status,creater,create_time,editor,edit_time,remark FROM t_user WHERE username = ? 
2019-07-03 08:43:56.441 DEBUG 13308 --- [http-nio-8082-exec-5] c.m.s.a.mapper.UserInfoMapper.selectOne  : ==> Parameters: mlnx(String)
2019-07-03 08:43:56.442 DEBUG 13308 --- [http-nio-8082-exec-5] c.m.s.a.mapper.UserInfoMapper.selectOne  : <==      Total: 1
2019-07-03 08:44:59.558 DEBUG 13308 --- [http-nio-8082-exec-3] c.m.s.a.mapper.UserInfoMapper.selectOne  : ==>  Preparing: SELECT id,username,password,sex,dept_id,mobile,card,status,creater,create_time,editor,edit_time,remark FROM t_user WHERE username = ? 
2019-07-03 08:44:59.559 DEBUG 13308 --- [http-nio-8082-exec-3] c.m.s.a.mapper.UserInfoMapper.selectOne  : ==> Parameters: mlnx(String)
2019-07-03 08:44:59.561 DEBUG 13308 --- [http-nio-8082-exec-3] c.m.s.a.mapper.UserInfoMapper.selectOne  : <==      Total: 1
2019-07-03 08:45:49.987 DEBUG 13308 --- [http-nio-8082-exec-8] c.m.s.a.mapper.UserInfoMapper.selectOne  : ==>  Preparing: SELECT id,username,password,sex,dept_id,mobile,card,status,creater,create_time,editor,edit_time,remark FROM t_user WHERE username = ? 
2019-07-03 08:45:49.988 DEBUG 13308 --- [http-nio-8082-exec-8] c.m.s.a.mapper.UserInfoMapper.selectOne  : ==> Parameters: mlnx(String)
2019-07-03 08:45:49.989 DEBUG 13308 --- [http-nio-8082-exec-8] c.m.s.a.mapper.UserInfoMapper.selectOne  : <==      Total: 1
2019-07-03 08:46:18.522 DEBUG 13308 --- [http-nio-8082-exec-7] c.m.s.a.mapper.UserInfoMapper.selectOne  : ==>  Preparing: SELECT id,username,password,sex,dept_id,mobile,card,status,creater,create_time,editor,edit_time,remark FROM t_user WHERE username = ? 
2019-07-03 08:46:18.522 DEBUG 13308 --- [http-nio-8082-exec-7] c.m.s.a.mapper.UserInfoMapper.selectOne  : ==> Parameters: mlnx(String)
2019-07-03 08:46:18.523 DEBUG 13308 --- [http-nio-8082-exec-7] c.m.s.a.mapper.UserInfoMapper.selectOne  : <==      Total: 1
2019-07-03 08:50:27.369 DEBUG 13308 --- [http-nio-8082-exec-2] c.m.s.a.mapper.UserInfoMapper.selectOne  : ==>  Preparing: SELECT id,username,password,sex,dept_id,mobile,card,status,creater,create_time,editor,edit_time,remark FROM t_user WHERE username = ? 
2019-07-03 08:50:27.370 DEBUG 13308 --- [http-nio-8082-exec-2] c.m.s.a.mapper.UserInfoMapper.selectOne  : ==> Parameters: mlnx(String)
2019-07-03 08:50:27.371 DEBUG 13308 --- [http-nio-8082-exec-2] c.m.s.a.mapper.UserInfoMapper.selectOne  : <==      Total: 1
2019-07-03 08:56:44.539 DEBUG 13308 --- [http-nio-8082-exec-10] c.m.s.a.mapper.UserInfoMapper.selectOne  : ==>  Preparing: SELECT id,username,password,sex,dept_id,mobile,card,status,creater,create_time,editor,edit_time,remark FROM t_user WHERE username = ? 
2019-07-03 08:56:44.539 DEBUG 13308 --- [http-nio-8082-exec-10] c.m.s.a.mapper.UserInfoMapper.selectOne  : ==> Parameters: mlnx(String)
2019-07-03 08:56:44.540 DEBUG 13308 --- [http-nio-8082-exec-10] c.m.s.a.mapper.UserInfoMapper.selectOne  : <==      Total: 1
2019-07-03 08:57:13.719 DEBUG 13308 --- [http-nio-8082-exec-9] c.m.s.a.mapper.UserInfoMapper.selectOne  : ==>  Preparing: SELECT id,username,password,sex,dept_id,mobile,card,status,creater,create_time,editor,edit_time,remark FROM t_user WHERE username = ? 
2019-07-03 08:57:13.719 DEBUG 13308 --- [http-nio-8082-exec-9] c.m.s.a.mapper.UserInfoMapper.selectOne  : ==> Parameters: mlnx(String)
2019-07-03 08:57:13.720 DEBUG 13308 --- [http-nio-8082-exec-9] c.m.s.a.mapper.UserInfoMapper.selectOne  : <==      Total: 1
2019-07-03 08:59:22.296 DEBUG 13308 --- [http-nio-8082-exec-4] c.m.s.a.mapper.UserInfoMapper.selectOne  : ==>  Preparing: SELECT id,username,password,sex,dept_id,mobile,card,status,creater,create_time,editor,edit_time,remark FROM t_user WHERE username = ? 
2019-07-03 08:59:22.297 DEBUG 13308 --- [http-nio-8082-exec-4] c.m.s.a.mapper.UserInfoMapper.selectOne  : ==> Parameters: mlnx(String)
2019-07-03 08:59:22.298 DEBUG 13308 --- [http-nio-8082-exec-4] c.m.s.a.mapper.UserInfoMapper.selectOne  : <==      Total: 1
2019-07-03 09:00:24.902 DEBUG 13308 --- [http-nio-8082-exec-8] c.m.s.a.mapper.UserInfoMapper.selectOne  : ==>  Preparing: SELECT id,username,password,sex,dept_id,mobile,card,status,creater,create_time,editor,edit_time,remark FROM t_user WHERE username = ? 
2019-07-03 09:00:24.902 DEBUG 13308 --- [http-nio-8082-exec-8] c.m.s.a.mapper.UserInfoMapper.selectOne  : ==> Parameters: mlnx(String)
2019-07-03 09:00:24.903 DEBUG 13308 --- [http-nio-8082-exec-8] c.m.s.a.mapper.UserInfoMapper.selectOne  : <==      Total: 1
2019-07-03 10:59:45.296  INFO 13308 --- [Thread-28] com.zaxxer.hikari.HikariDataSource       : HikariPool-1 - Shutdown initiated...
2019-07-03 10:59:45.304  INFO 13308 --- [Thread-28] com.zaxxer.hikari.HikariDataSource       : HikariPool-1 - Shutdown completed.
2019-07-03 11:09:12.413  INFO 3316 --- [main] com.mlnx.smart.auth.AuthApplication      : No active profile set, falling back to default profiles: default
2019-07-03 11:27:32.041  INFO 9692 --- [main] com.mlnx.smart.auth.AuthApplication      : No active profile set, falling back to default profiles: default
2019-07-03 11:27:32.053  INFO 9692 --- [main] ConfigServletWebServerApplicationContext : Refreshing org.springframework.boot.web.servlet.context.AnnotationConfigServletWebServerApplicationContext@60afd40d: startup date [Wed Jul 03 11:27:32 CST 2019]; parent: org.springframework.context.annotation.AnnotationConfigApplicationContext@436c81a3
2019-07-03 11:27:32.649  INFO 9692 --- [main] o.s.b.f.s.DefaultListableBeanFactory     : Overriding bean definition for bean 'dataSource' with a different definition: replacing [Root bean: class [null]; scope=refresh; abstract=false; lazyInit=false; autowireMode=3; dependencyCheck=0; autowireCandidate=false; primary=false; factoryBeanName=org.springframework.boot.autoconfigure.jdbc.DataSourceConfiguration$Hikari; factoryMethodName=dataSource; initMethodName=null; destroyMethodName=(inferred); defined in class path resource [org/springframework/boot/autoconfigure/jdbc/DataSourceConfiguration$Hikari.class]] with [Root bean: class [org.springframework.aop.scope.ScopedProxyFactoryBean]; scope=; abstract=false; lazyInit=false; autowireMode=0; dependencyCheck=0; autowireCandidate=true; primary=false; factoryBeanName=null; factoryMethodName=null; initMethodName=null; destroyMethodName=null; defined in BeanDefinition defined in class path resource [org/springframework/boot/autoconfigure/jdbc/DataSourceConfiguration$Hikari.class]]
2019-07-03 11:27:32.762  INFO 9692 --- [main] o.s.cloud.context.scope.GenericScope     : BeanFactory id=76cf7e02-b165-31ab-a5cf-ae9f474c288f
2019-07-03 11:27:32.842  INFO 9692 --- [main] trationDelegate$BeanPostProcessorChecker : Bean 'org.springframework.transaction.annotation.ProxyTransactionManagementConfiguration' of type [org.springframework.transaction.annotation.ProxyTransactionManagementConfiguration$$EnhancerBySpringCGLIB$$ead6f07e] is not eligible for getting processed by all BeanPostProcessors (for example: not eligible for auto-proxying)
2019-07-03 11:27:32.865  INFO 9692 --- [main] trationDelegate$BeanPostProcessorChecker : Bean 'org.springframework.cloud.autoconfigure.ConfigurationPropertiesRebinderAutoConfiguration' of type [org.springframework.cloud.autoconfigure.ConfigurationPropertiesRebinderAutoConfiguration$$EnhancerBySpringCGLIB$$6f0f37b] is not eligible for getting processed by all BeanPostProcessors (for example: not eligible for auto-proxying)
2019-07-03 11:27:33.146  INFO 9692 --- [main] o.s.b.w.embedded.tomcat.TomcatWebServer  : Tomcat initialized with port(s): 8082 (http)
2019-07-03 11:27:33.165  INFO 9692 --- [main] o.apache.catalina.core.StandardService   : Starting service [Tomcat]
2019-07-03 11:27:33.165  INFO 9692 --- [main] org.apache.catalina.core.StandardEngine  : Starting Servlet Engine: Apache Tomcat/8.5.39
2019-07-03 11:27:33.169  INFO 9692 --- [localhost-startStop-1] o.a.catalina.core.AprLifecycleListener   : The APR based Apache Tomcat Native library which allows optimal performance in production environments was not found on the java.library.path: [C:\Program Files\Java\jdk1.8.0_131\bin;C:\windows\Sun\Java\bin;C:\windows\system32;C:\windows;D:\Program Files (x86)\NetSarang\Xftp 6\;D:\develop\NetSarang\Xshell 6\;C:\Windows\system32;C:\Windows;C:\Windows\System32\Wbem;C:\Windows\System32\WindowsPowerShell\v1.0\;C:\Windows\System32\OpenSSH\;C:\Program Files (x86)\Intel\Intel(R) Management Engine Components\DAL;C:\Program Files\Intel\Intel(R) Management Engine Components\DAL;C:\Program Files\NVIDIA Corporation\NVIDIA NGX;C:\Program Files (x86)\NVIDIA Corporation\PhysX\Common;C:\Program Files\NVIDIA Corporation\NVIDIA NvDLISR;C:\Program Files\Git\cmd;C:\Program Files\Java\jdk1.8.0_131\bin;d:\Program Files (x86)\Bluetooth Command Line Tools\bin;D:\develop\IntelliJ IDEA 2019.1.1\plugins\maven\lib\maven3\bin;C:\Users\Administrator\AppData\Local\Microsoft\WindowsApps;;.]
2019-07-03 11:27:33.290  INFO 9692 --- [localhost-startStop-1] o.a.c.c.C.[Tomcat].[localhost].[/]       : Initializing Spring embedded WebApplicationContext
2019-07-03 11:27:33.291  INFO 9692 --- [localhost-startStop-1] o.s.web.context.ContextLoader            : Root WebApplicationContext: initialization completed in 1238 ms
2019-07-03 11:27:34.173  INFO 9692 --- [localhost-startStop-1] o.s.b.w.servlet.FilterRegistrationBean   : Mapping filter: 'characterEncodingFilter' to: [/*]
2019-07-03 11:27:34.173  INFO 9692 --- [localhost-startStop-1] o.s.b.w.servlet.FilterRegistrationBean   : Mapping filter: 'webMvcMetricsFilter' to: [/*]
2019-07-03 11:27:34.174  INFO 9692 --- [localhost-startStop-1] o.s.b.w.servlet.FilterRegistrationBean   : Mapping filter: 'hiddenHttpMethodFilter' to: [/*]
2019-07-03 11:27:34.174  INFO 9692 --- [localhost-startStop-1] o.s.b.w.servlet.FilterRegistrationBean   : Mapping filter: 'httpPutFormContentFilter' to: [/*]
2019-07-03 11:27:34.174  INFO 9692 --- [localhost-startStop-1] o.s.b.w.servlet.FilterRegistrationBean   : Mapping filter: 'requestContextFilter' to: [/*]
2019-07-03 11:27:34.175  INFO 9692 --- [localhost-startStop-1] .s.DelegatingFilterProxyRegistrationBean : Mapping filter: 'springSecurityFilterChain' to: [/*]
2019-07-03 11:27:34.175  INFO 9692 --- [localhost-startStop-1] o.s.b.w.servlet.FilterRegistrationBean   : Mapping filter: 'httpTraceFilter' to: [/*]
2019-07-03 11:27:34.175  INFO 9692 --- [localhost-startStop-1] o.s.b.w.servlet.FilterRegistrationBean   : Mapping filter: 'corsFilter' to: [/*]
2019-07-03 11:27:34.175  INFO 9692 --- [localhost-startStop-1] o.s.b.w.servlet.ServletRegistrationBean  : Servlet dispatcherServlet mapped to [/]
2019-07-03 11:27:34.369  INFO 9692 --- [main] com.zaxxer.hikari.HikariDataSource       : HikariPool-1 - Starting...
2019-07-03 11:27:34.988  INFO 9692 --- [main] com.zaxxer.hikari.HikariDataSource       : HikariPool-1 - Start completed.
2019-07-03 11:27:35.234  WARN 9692 --- [main] o.s.s.o.p.t.s.JwtAccessTokenConverter    : Unable to create an RSA verifier from verifierKey (ignoreable if using MAC)
2019-07-03 11:27:35.339  INFO 9692 --- [main] .s.o.p.e.FrameworkEndpointHandlerMapping : Mapped "{[/oauth/authorize],methods=[POST],params=[user_oauth_approval]}" onto public org.springframework.web.servlet.View org.springframework.security.oauth2.provider.endpoint.AuthorizationEndpoint.approveOrDeny(java.util.Map<java.lang.String, java.lang.String>,java.util.Map<java.lang.String, ?>,org.springframework.web.bind.support.SessionStatus,java.security.Principal)
2019-07-03 11:27:35.340  INFO 9692 --- [main] .s.o.p.e.FrameworkEndpointHandlerMapping : Mapped "{[/oauth/authorize]}" onto public org.springframework.web.servlet.ModelAndView org.springframework.security.oauth2.provider.endpoint.AuthorizationEndpoint.authorize(java.util.Map<java.lang.String, java.lang.Object>,java.util.Map<java.lang.String, java.lang.String>,org.springframework.web.bind.support.SessionStatus,java.security.Principal)
2019-07-03 11:27:35.340  INFO 9692 --- [main] .s.o.p.e.FrameworkEndpointHandlerMapping : Mapped "{[/oauth/token],methods=[GET]}" onto public org.springframework.http.ResponseEntity<org.springframework.security.oauth2.common.OAuth2AccessToken> org.springframework.security.oauth2.provider.endpoint.TokenEndpoint.getAccessToken(java.security.Principal,java.util.Map<java.lang.String, java.lang.String>) throws org.springframework.web.HttpRequestMethodNotSupportedException
2019-07-03 11:27:35.340  INFO 9692 --- [main] .s.o.p.e.FrameworkEndpointHandlerMapping : Mapped "{[/oauth/token],methods=[POST]}" onto public org.springframework.http.ResponseEntity<org.springframework.security.oauth2.common.OAuth2AccessToken> org.springframework.security.oauth2.provider.endpoint.TokenEndpoint.postAccessToken(java.security.Principal,java.util.Map<java.lang.String, java.lang.String>) throws org.springframework.web.HttpRequestMethodNotSupportedException
2019-07-03 11:27:35.341  INFO 9692 --- [main] .s.o.p.e.FrameworkEndpointHandlerMapping : Mapped "{[/oauth/check_token]}" onto public java.util.Map<java.lang.String, ?> org.springframework.security.oauth2.provider.endpoint.CheckTokenEndpoint.checkToken(java.lang.String)
2019-07-03 11:27:35.341  INFO 9692 --- [main] .s.o.p.e.FrameworkEndpointHandlerMapping : Mapped "{[/oauth/confirm_access]}" onto public org.springframework.web.servlet.ModelAndView org.springframework.security.oauth2.provider.endpoint.WhitelabelApprovalEndpoint.getAccessConfirmation(java.util.Map<java.lang.String, java.lang.Object>,javax.servlet.http.HttpServletRequest) throws java.lang.Exception
2019-07-03 11:27:35.341  INFO 9692 --- [main] .s.o.p.e.FrameworkEndpointHandlerMapping : Mapped "{[/oauth/error]}" onto public org.springframework.web.servlet.ModelAndView org.springframework.security.oauth2.provider.endpoint.WhitelabelErrorEndpoint.handleError(javax.servlet.http.HttpServletRequest)
2019-07-03 11:27:35.345  INFO 9692 --- [main] .s.o.p.e.FrameworkEndpointHandlerMapping : Mapped "{[/oauth/token_key],methods=[GET]}" onto public java.util.Map<java.lang.String, java.lang.String> org.springframework.security.oauth2.provider.endpoint.TokenKeyEndpoint.getKey(java.security.Principal)
2019-07-03 11:27:35.535  INFO 9692 --- [main] o.s.w.s.handler.SimpleUrlHandlerMapping  : Mapped URL path [/**/favicon.ico] onto handler of type [class org.springframework.web.servlet.resource.ResourceHttpRequestHandler]
2019-07-03 11:27:35.668  INFO 9692 --- [main] s.w.s.m.m.a.RequestMappingHandlerAdapter : Looking for @ControllerAdvice: org.springframework.boot.web.servlet.context.AnnotationConfigServletWebServerApplicationContext@60afd40d: startup date [Wed Jul 03 11:27:32 CST 2019]; parent: org.springframework.context.annotation.AnnotationConfigApplicationContext@436c81a3
2019-07-03 11:27:35.705  INFO 9692 --- [main] s.w.s.m.m.a.RequestMappingHandlerMapping : Mapped "{[],methods=[GET]}" onto public java.lang.String com.mlnx.smart.auth.AuthApplication.test()
2019-07-03 11:27:35.706  INFO 9692 --- [main] s.w.s.m.m.a.RequestMappingHandlerMapping : Mapped "{[/code/{type}],methods=[GET]}" onto public void org.shan.security.core.validate.code.ValidateCodeController.createCode(javax.servlet.http.HttpServletRequest,javax.servlet.http.HttpServletResponse,java.lang.String) throws java.lang.Exception
2019-07-03 11:27:35.707  INFO 9692 --- [main] s.w.s.m.m.a.RequestMappingHandlerMapping : Mapped "{[/error]}" onto public org.springframework.http.ResponseEntity<java.util.Map<java.lang.String, java.lang.Object>> org.springframework.boot.autoconfigure.web.servlet.error.BasicErrorController.error(javax.servlet.http.HttpServletRequest)
2019-07-03 11:27:35.708  INFO 9692 --- [main] s.w.s.m.m.a.RequestMappingHandlerMapping : Mapped "{[/error],produces=[text/html]}" onto public org.springframework.web.servlet.ModelAndView org.springframework.boot.autoconfigure.web.servlet.error.BasicErrorController.errorHtml(javax.servlet.http.HttpServletRequest,javax.servlet.http.HttpServletResponse)
2019-07-03 11:27:35.733  INFO 9692 --- [main] o.s.w.s.handler.SimpleUrlHandlerMapping  : Mapped URL path [/webjars/**] onto handler of type [class org.springframework.web.servlet.resource.ResourceHttpRequestHandler]
2019-07-03 11:27:35.733  INFO 9692 --- [main] o.s.w.s.handler.SimpleUrlHandlerMapping  : Mapped URL path [/**] onto handler of type [class org.springframework.web.servlet.resource.ResourceHttpRequestHandler]
2019-07-03 11:27:36.151  INFO 9692 --- [main] o.s.s.web.DefaultSecurityFilterChain     : Creating filter chain: Ant [pattern='/resources/**'], []
2019-07-03 11:27:36.152  INFO 9692 --- [main] o.s.s.web.DefaultSecurityFilterChain     : Creating filter chain: Ant [pattern='/*.ico'], []
2019-07-03 11:27:36.254  INFO 9692 --- [main] o.s.s.web.DefaultSecurityFilterChain     : Creating filter chain: OrRequestMatcher [requestMatchers=[Ant [pattern='/oauth/token'], Ant [pattern='/oauth/token_key'], Ant [pattern='/oauth/check_token']]], [org.springframework.security.web.context.request.async.WebAsyncManagerIntegrationFilter@7aa3857b, org.springframework.security.web.context.SecurityContextPersistenceFilter@3cb195dd, org.springframework.security.web.header.HeaderWriterFilter@3a70575, org.springframework.security.web.authentication.logout.LogoutFilter@28bd5015, org.springframework.security.oauth2.provider.client.ClientCredentialsTokenEndpointFilter@6f1d799, org.springframework.security.web.authentication.www.BasicAuthenticationFilter@1bdafb01, org.springframework.security.web.savedrequest.RequestCacheAwareFilter@7d7b4e04, org.springframework.security.web.servletapi.SecurityContextHolderAwareRequestFilter@3fc1abf, org.springframework.security.web.authentication.AnonymousAuthenticationFilter@500ec769, org.springframework.security.web.session.SessionManagementFilter@210635fd, org.springframework.security.web.access.ExceptionTranslationFilter@22ff1372, org.springframework.security.web.access.intercept.FilterSecurityInterceptor@59f7c106]
2019-07-03 11:27:36.255  INFO 9692 --- [main] o.s.s.web.DefaultSecurityFilterChain     : Creating filter chain: org.springframework.security.web.util.matcher.AnyRequestMatcher@1, [org.springframework.security.web.context.request.async.WebAsyncManagerIntegrationFilter@315cf170, org.springframework.security.web.context.SecurityContextPersistenceFilter@248d3a, org.springframework.security.web.header.HeaderWriterFilter@3b9c9b8b, org.springframework.security.web.authentication.logout.LogoutFilter@5af38a4a, org.springframework.security.web.savedrequest.RequestCacheAwareFilter@3c71cf3e, org.springframework.security.web.servletapi.SecurityContextHolderAwareRequestFilter@636e4bf8, org.springframework.security.web.authentication.AnonymousAuthenticationFilter@7878bbdb, org.springframework.security.web.session.SessionManagementFilter@7769d9b6, org.springframework.security.web.access.ExceptionTranslationFilter@1ff463bb, org.springframework.security.web.access.intercept.FilterSecurityInterceptor@1be77a76]
2019-07-03 11:27:36.280  INFO 9692 --- [main] o.s.b.a.e.web.EndpointLinksResolver      : Exposing 2 endpoint(s) beneath base path '/actuator'
2019-07-03 11:27:36.292  INFO 9692 --- [main] s.b.a.e.w.s.WebMvcEndpointHandlerMapping : Mapped "{[/actuator/health],methods=[GET],produces=[application/vnd.spring-boot.actuator.v2+json || application/json]}" onto public java.lang.Object org.springframework.boot.actuate.endpoint.web.servlet.AbstractWebMvcEndpointHandlerMapping$OperationHandler.handle(javax.servlet.http.HttpServletRequest,java.util.Map<java.lang.String, java.lang.String>)
2019-07-03 11:27:36.292  INFO 9692 --- [main] s.b.a.e.w.s.WebMvcEndpointHandlerMapping : Mapped "{[/actuator/info],methods=[GET],produces=[application/vnd.spring-boot.actuator.v2+json || application/json]}" onto public java.lang.Object org.springframework.boot.actuate.endpoint.web.servlet.AbstractWebMvcEndpointHandlerMapping$OperationHandler.handle(javax.servlet.http.HttpServletRequest,java.util.Map<java.lang.String, java.lang.String>)
2019-07-03 11:27:36.293  INFO 9692 --- [main] s.b.a.e.w.s.WebMvcEndpointHandlerMapping : Mapped "{[/actuator],methods=[GET],produces=[application/vnd.spring-boot.actuator.v2+json || application/json]}" onto protected java.util.Map<java.lang.String, java.util.Map<java.lang.String, org.springframework.boot.actuate.endpoint.web.Link>> org.springframework.boot.actuate.endpoint.web.servlet.WebMvcEndpointHandlerMapping.links(javax.servlet.http.HttpServletRequest,javax.servlet.http.HttpServletResponse)
2019-07-03 11:27:37.844  INFO 9692 --- [main] o.s.cloud.commons.util.InetUtils         : Cannot determine local hostname
2019-07-03 11:27:37.896  INFO 9692 --- [main] o.s.j.e.a.AnnotationMBeanExporter        : Registering beans for JMX exposure on startup
2019-07-03 11:27:37.897  INFO 9692 --- [main] o.s.j.e.a.AnnotationMBeanExporter        : Bean with name 'dataSource' has been autodetected for JMX exposure
2019-07-03 11:27:37.904  INFO 9692 --- [main] o.s.j.e.a.AnnotationMBeanExporter        : Bean with name 'environmentManager' has been autodetected for JMX exposure
2019-07-03 11:27:37.905  INFO 9692 --- [main] o.s.j.e.a.AnnotationMBeanExporter        : Bean with name 'refreshScope' has been autodetected for JMX exposure
2019-07-03 11:27:37.907  INFO 9692 --- [main] o.s.j.e.a.AnnotationMBeanExporter        : Bean with name 'configurationPropertiesRebinder' has been autodetected for JMX exposure
2019-07-03 11:27:37.909  INFO 9692 --- [main] o.s.j.e.a.AnnotationMBeanExporter        : Located managed bean 'environmentManager': registering with JMX server as MBean [org.springframework.cloud.context.environment:name=environmentManager,type=EnvironmentManager]
2019-07-03 11:27:37.915  INFO 9692 --- [main] o.s.j.e.a.AnnotationMBeanExporter        : Located managed bean 'refreshScope': registering with JMX server as MBean [org.springframework.cloud.context.scope.refresh:name=refreshScope,type=RefreshScope]
2019-07-03 11:27:37.924  INFO 9692 --- [main] o.s.j.e.a.AnnotationMBeanExporter        : Located managed bean 'configurationPropertiesRebinder': registering with JMX server as MBean [org.springframework.cloud.context.properties:name=configurationPropertiesRebinder,context=60afd40d,type=ConfigurationPropertiesRebinder]
2019-07-03 11:27:37.929  INFO 9692 --- [main] o.s.j.e.a.AnnotationMBeanExporter        : Located MBean 'dataSource': registering with JMX server as MBean [com.zaxxer.hikari:name=dataSource,type=HikariDataSource]
2019-07-03 11:27:37.958  INFO 9692 --- [main] o.s.b.w.embedded.tomcat.TomcatWebServer  : Tomcat started on port(s): 8082 (http) with context path ''
2019-07-03 11:27:37.960  INFO 9692 --- [main] com.mlnx.smart.auth.AuthApplication      : Started AuthApplication in 9.782 seconds (JVM running for 10.858)
2019-07-03 11:27:38.418  INFO 9692 --- [RMI TCP Connection(1)-192.168.56.1] o.a.c.c.C.[Tomcat].[localhost].[/]       : Initializing Spring FrameworkServlet 'dispatcherServlet'
2019-07-03 11:27:38.418  INFO 9692 --- [RMI TCP Connection(1)-192.168.56.1] o.s.web.servlet.DispatcherServlet        : FrameworkServlet 'dispatcherServlet': initialization started
2019-07-03 11:27:38.433  INFO 9692 --- [RMI TCP Connection(1)-192.168.56.1] o.s.web.servlet.DispatcherServlet        : FrameworkServlet 'dispatcherServlet': initialization completed in 15 ms
2019-07-03 11:31:29.413 DEBUG 9692 --- [http-nio-8082-exec-1] c.m.s.a.mapper.UserInfoMapper.selectOne  : ==>  Preparing: SELECT id,username,password,sex,dept_id,mobile,card,status,creater,create_time,editor,edit_time,remark FROM t_user WHERE username = ? 
2019-07-03 11:31:29.426 DEBUG 9692 --- [http-nio-8082-exec-1] c.m.s.a.mapper.UserInfoMapper.selectOne  : ==> Parameters: mlnx(String)
2019-07-03 11:31:29.436 DEBUG 9692 --- [http-nio-8082-exec-1] c.m.s.a.mapper.UserInfoMapper.selectOne  : <==      Total: 1
